2016/04/18 10:57:48 INFO  - jmeter.util.JMeterUtils: Setting Locale to en_US 
2016/04/18 10:57:48 INFO  - jmeter.JMeter: Loading user properties from: /Users/shashidharavn/PycharmProjects/APItesting/Application/bin/user.properties 
2016/04/18 10:57:48 INFO  - jmeter.JMeter: Loading system properties from: /Users/shashidharavn/PycharmProjects/APItesting/Application/bin/system.properties 
2016/04/18 10:57:48 INFO  - jmeter.JMeter: Copyright (c) 1998-2014 The Apache Software Foundation 
2016/04/18 10:57:48 INFO  - jmeter.JMeter: Version 2.12 r1636949 
2016/04/18 10:57:48 INFO  - jmeter.JMeter: java.version=1.7.0_79 
2016/04/18 10:57:48 INFO  - jmeter.JMeter: java.vm.name=Java HotSpot(TM) 64-Bit Server VM 
2016/04/18 10:57:48 INFO  - jmeter.JMeter: os.name=Mac OS X 
2016/04/18 10:57:48 INFO  - jmeter.JMeter: os.arch=x86_64 
2016/04/18 10:57:48 INFO  - jmeter.JMeter: os.version=10.10.5 
2016/04/18 10:57:48 INFO  - jmeter.JMeter: file.encoding=UTF-8 
2016/04/18 10:57:48 INFO  - jmeter.JMeter: Default Locale=English (United States) 
2016/04/18 10:57:48 INFO  - jmeter.JMeter: JMeter  Locale=English (United States) 
2016/04/18 10:57:48 INFO  - jmeter.JMeter: JMeterHome=/Users/shashidharavn/PycharmProjects/APItesting/Application 
2016/04/18 10:57:48 INFO  - jmeter.JMeter: user.dir  =/Users/shashidharavn/PycharmProjects/APItesting 
2016/04/18 10:57:48 INFO  - jmeter.JMeter: PWD       =/Users/shashidharavn/PycharmProjects/APItesting 
2016/04/18 10:57:48 ERROR - jmeter.util.JMeterUtils: Unable to get local host IP address. 
2016/04/18 10:57:48 ERROR - jmeter.util.JMeterUtils: Unable to get local host IP address. 
2016/04/18 10:57:48 ERROR - jmeter.util.JMeterUtils: Unable to get local host IP address. 
2016/04/18 10:57:48 INFO  - jmeter.JMeter: IP: null Name: null FullName: null 
2016/04/18 10:57:48 INFO  - jmeter.services.FileServer: Default base='/Users/shashidharavn/PycharmProjects/APItesting' 
2016/04/18 10:57:48 INFO  - jmeter.services.FileServer: Set new base='/Users/shashidharavn/PycharmProjects/APItesting/Tests' 
2016/04/18 10:57:48 INFO  - jmeter.JMeter: Loading file: /Users/shashidharavn/PycharmProjects/APItesting/Tests/SciFXrobot.jmx 
2016/04/18 10:57:48 INFO  - jmeter.save.SaveService: Testplan (JMX) version: 2.2. Testlog (JTL) version: 2.2 
2016/04/18 10:57:48 INFO  - jmeter.save.SaveService: Using SaveService properties file encoding UTF-8 
2016/04/18 10:57:48 INFO  - jmeter.save.SaveService: Using SaveService properties version 2.7 
2016/04/18 10:57:48 INFO  - jmeter.save.SaveService: Using SaveService properties file version 1618048 
2016/04/18 10:57:48 INFO  - jmeter.save.SaveService: All converter versions present and correct 
2016/04/18 10:57:48 INFO  - jmeter.protocol.http.control.CookieManager: Settings: Delete null: true Check: true Allow variable: true Save: false Prefix: COOKIE_ 
2016/04/18 10:57:48 INFO  - jmeter.protocol.http.sampler.HTTPSamplerBase: Cannot find .className property for htmlParser, using default 
2016/04/18 10:57:48 INFO  - jmeter.protocol.http.sampler.HTTPSamplerBase: Parser for text/html is  
2016/04/18 10:57:48 INFO  - jmeter.protocol.http.sampler.HTTPSamplerBase: Parser for application/xhtml+xml is  
2016/04/18 10:57:48 INFO  - jmeter.protocol.http.sampler.HTTPSamplerBase: Parser for application/xml is  
2016/04/18 10:57:48 INFO  - jmeter.protocol.http.sampler.HTTPSamplerBase: Parser for text/xml is  
2016/04/18 10:57:48 INFO  - jmeter.protocol.http.sampler.HTTPSamplerBase: Parser for text/vnd.wap.wml is org.apache.jmeter.protocol.http.parser.RegexpHTMLParser 
2016/04/18 10:57:49 INFO  - jorphan.exec.KeyToolUtils: keytool found at 'keytool' 
2016/04/18 10:57:49 INFO  - jmeter.protocol.http.proxy.ProxyControl: HTTP(S) Test Script Recorder SSL Proxy will use keys that support embedded 3rd party resources in file /Users/shashidharavn/PycharmProjects/APItesting/Application/bin/proxyserver.jks 
2016/04/18 10:57:49 INFO  - jmeter.JMeter: Creating summariser <summary> 
2016/04/18 10:57:49 INFO  - jmeter.engine.StandardJMeterEngine: Listeners will be started after enabling running version 
2016/04/18 10:57:49 INFO  - jmeter.engine.StandardJMeterEngine: To revert to the earlier behaviour, define jmeterengine.startlistenerslater=false 
2016/04/18 10:57:49 INFO  - jmeter.engine.StandardJMeterEngine: Running the test! 
2016/04/18 10:57:49 ERROR - jmeter.util.JMeterUtils: Unable to get local host IP address. 
2016/04/18 10:57:49 INFO  - jmeter.samplers.SampleEvent: List of sample_variables: [] 
2016/04/18 10:57:49 INFO  - jmeter.samplers.SampleEvent: List of sample_variables: [] 
2016/04/18 10:57:49 INFO  - jmeter.engine.util.CompoundVariable: Note: Function class names must contain the string: '.functions.' 
2016/04/18 10:57:49 INFO  - jmeter.engine.util.CompoundVariable: Note: Function class names must not contain the string: '.gui.' 
2016/04/18 10:57:49 INFO  - jmeter.JMeter: Running test (1460957269748) 
2016/04/18 10:57:49 INFO  - jmeter.engine.StandardJMeterEngine: Starting ThreadGroup: 1 : Thread Group 
2016/04/18 10:57:49 INFO  - jmeter.engine.StandardJMeterEngine: Starting 1 threads for group Thread Group. 
2016/04/18 10:57:49 INFO  - jmeter.engine.StandardJMeterEngine: Thread will continue on error 
2016/04/18 10:57:49 INFO  - jmeter.threads.ThreadGroup: Starting thread group number 1 threads 1 ramp-up 1 perThread 1000.0 delayedStart=false 
2016/04/18 10:57:49 INFO  - jmeter.threads.JMeterThread: jmeterthread.startearlier=true (see jmeter.properties) 
2016/04/18 10:57:49 INFO  - jmeter.threads.JMeterThread: Running PostProcessors in forward order 
2016/04/18 10:57:49 INFO  - jmeter.threads.ThreadGroup: Started thread group number 1 
2016/04/18 10:57:49 INFO  - jmeter.engine.StandardJMeterEngine: All thread groups have been started 
2016/04/18 10:57:50 INFO  - jmeter.threads.JMeterThread: Thread started: Thread Group 1-1 
2016/04/18 10:57:50 WARN  - jmeter.config.RandomVariableConfig: Cannot parse seed For input string: "YoBvN" 
2016/04/18 10:57:50 WARN  - jmeter.config.RandomVariableConfig: Cannot parse seed For input string: "rsUSZ" 
2016/04/18 10:57:50 WARN  - jmeter.config.RandomVariableConfig: Cannot parse seed For input string: "N3FUm" 
2016/04/18 10:57:50 WARN  - jmeter.config.RandomVariableConfig: Cannot parse seed For input string: "Pvla7" 
2016/04/18 10:57:50 WARN  - jmeter.config.RandomVariableConfig: Cannot parse seed For input string: "t7whX" 
2016/04/18 10:57:50 WARN  - jmeter.config.RandomVariableConfig: Cannot parse seed For input string: "FWe8D" 
2016/04/18 10:57:50 ERROR - jmeter.util.JMeterUtils: Unable to get local host IP address. 
2016/04/18 10:57:50 INFO  - jmeter.protocol.http.sampler.HTTPHCAbstractImpl: Local host = null 
2016/04/18 10:57:50 INFO  - jmeter.protocol.http.sampler.HTTPHC4Impl: HTTP request retry count = 0 
2016/04/18 10:57:50 INFO  - jmeter.protocol.http.sampler.HTTPHC4Impl: Setting up HTTPS TrustAll scheme 
2016/04/18 10:57:50 INFO  - jmeter.util.JsseSSLManager: Using default SSL protocol: TLS 
2016/04/18 10:57:50 INFO  - jmeter.util.JsseSSLManager: SSL session context: per-thread 
2016/04/18 10:57:51 INFO  - jmeter.samplers.SampleResult: Note: Sample TimeStamps are START times 
2016/04/18 10:57:51 INFO  - jmeter.samplers.SampleResult: sampleresult.default.encoding is set to ISO-8859-1 
2016/04/18 10:57:51 INFO  - jmeter.samplers.SampleResult: sampleresult.useNanoTime=true 
2016/04/18 10:57:51 INFO  - jmeter.samplers.SampleResult: sampleresult.nanoThreadSleep=5000 
2016/04/18 10:58:00 INFO  - jmeter.reporters.Summariser: summary +     12 in     9s =    1.3/s Avg:   748 Min:   545 Max:  1336 Err:     0 (0.00%) Active: 1 Started: 1 Finished: 0 
2016/04/18 10:58:04 INFO  - jmeter.threads.JMeterThread: Thread is done: Thread Group 1-1 
2016/04/18 10:58:04 INFO  - jmeter.threads.JMeterThread: Thread finished: Thread Group 1-1 
2016/04/18 10:58:04 INFO  - jmeter.engine.StandardJMeterEngine: Notifying test listeners of end of test 
2016/04/18 10:58:04 INFO  - jmeter.reporters.Summariser: summary +      7 in   4.5s =    1.6/s Avg:   638 Min:   556 Max:   828 Err:     0 (0.00%) Active: 0 Started: 1 Finished: 1 
2016/04/18 10:58:04 INFO  - jmeter.reporters.Summariser: summary =     19 in    14s =    1.4/s Avg:   708 Min:   545 Max:  1336 Err:     0 (0.00%) 
